<?xml version="1.0" encoding="UTF-8"?>
<!-- Generated by org.testng.reporters.JUnitXMLReporter -->
<testsuite ignored="0" hostname="MacBook-Pro.local" failures="1" tests="1" name="Web Tests" time="3.981" errors="0" timestamp="2025-02-17T13:41:23 PKT">
  <testcase classname="io.cucumber.testng.AbstractTestNGCucumberTests" name="runScenario" time="3.456">
    <failure type="java.lang.AssertionError" message="expected [TestSquad - Quality Assurance Services] but found [TestSquad – Reliable Software Testing Services]">
      <![CDATA[java.lang.AssertionError: expected [TestSquad - Quality Assurance Services] but found [TestSquad – Reliable Software Testing Services]
at com.testsquad.stepdefs.HomePageSteps.thePageTitleShouldBe(HomePageSteps.java:27)
at ✽.the page title should be "TestSquad - Quality Assurance Services"(file:///Users/eliya/ts-selenium-testing/src/test/resources/features/HomePage.feature:5)
... Removed 6 stack frames]]>
    </failure>
  </testcase> <!-- runScenario -->
</testsuite> <!-- Web Tests -->
