<?xml version="1.0" encoding="UTF-8"?>
<!-- Generated by org.testng.reporters.JUnitReportReporter -->
<testsuite hostname="MacBook-Pro.local" failures="1" tests="1" name="com.testsquad.runners.TestRunner" time="3.456" errors="0" timestamp="2025-02-17T13:41:23 PKT" skipped="0">
  <testcase classname="com.testsquad.runners.TestRunner" name="runScenario" time="3.456">
    <failure message="expected [TestSquad - Quality Assurance Services] but found [TestSquad – Reliable Software Testing Services]" type="java.lang.AssertionError">
      <![CDATA[java.lang.AssertionError: expected [TestSquad - Quality Assurance Services] but found [TestSquad – Reliable Software Testing Services]
at org.testng.Assert.fail(Assert.java:111)
at org.testng.Assert.failNotEquals(Assert.java:1578)
at org.testng.Assert.assertEqualsImpl(Assert.java:150)
at org.testng.Assert.assertEquals(Assert.java:132)
at org.testng.Assert.assertEquals(Assert.java:656)
at org.testng.Assert.assertEquals(Assert.java:666)
at com.testsquad.stepdefs.HomePageSteps.thePageTitleShouldBe(HomePageSteps.java:27)
at ✽.the page title should be "TestSquad - Quality Assurance Services"(file:///Users/eliya/ts-selenium-testing/src/test/resources/features/HomePage.feature:5)
]]>
    </failure>
  </testcase> <!-- runScenario -->
</testsuite> <!-- com.testsquad.runners.TestRunner -->
